<?xml version="1.0" encoding="UTF-8"?>
<testsuite name="com.va.reservation.repository.redis.RedisReservationByMonthRepositoryTest" time="1.219" tests="2" errors="0" skipped="0" failures="0">
  <properties>
[...]
</properties>
  <testcase name="updateBookingCalendar_SunnyDayBasicTest" classname="com.va.reservation.repository.redis.RedisReservationByMonthRepositoryTest" time="1.205"/>
  <testcase name="updateBookingCalendar_MultipleReservationsSameRoomType" classname="com.va.reservation.repository.redis.RedisReservationByMonthRepositoryTest" time="0.014"/>
</testsuite>